C:\USERS\DELLCTA\DOCUMENTS\VISUAL STUDIO 2012\PROJECTS\PROJECT1\PROJECT1\DEBUG\MAIN.OBJ
C:\USERS\DELLCTA\DOCUMENTS\VISUAL STUDIO 2012\PROJECTS\PROJECT1\PROJECT1\DEBUG\DUGUM.OBJ
C:\USERS\DELLCTA\DOCUMENTS\VISUAL STUDIO 2012\PROJECTS\PROJECT1\PROJECT1\DEBUG\VC110.PDB
C:\USERS\DELLCTA\DOCUMENTS\VISUAL STUDIO 2012\PROJECTS\PROJECT1\PROJECT1\DEBUG\AGAC.OBJ
C:\USERS\DELLCTA\DOCUMENTS\VISUAL STUDIO 2012\PROJECTS\PROJECT1\PROJECT1\DEBUG\UTILITY.OBJ
C:\USERS\DELLCTA\DOCUMENTS\VISUAL STUDIO 2012\PROJECTS\PROJECT1\PROJECT1\DEBUG\WAVE.OBJ
C:\USERS\DELLCTA\DOCUMENTS\VISUAL STUDIO 2012\PROJECTS\PROJECT1\DEBUG\PROJECT1.ILK
C:\USERS\DELLCTA\DOCUMENTS\VISUAL STUDIO 2012\PROJECTS\PROJECT1\DEBUG\PROJECT1.EXE
C:\USERS\DELLCTA\DOCUMENTS\VISUAL STUDIO 2012\PROJECTS\PROJECT1\DEBUG\PROJECT1.PDB
C:\Users\dellCTA\documents\visual studio 2012\Projects\Project1\Project1\Debug\agac.obj
C:\Users\dellCTA\documents\visual studio 2012\Projects\Project1\Project1\Debug\dugum.obj
C:\Users\dellCTA\documents\visual studio 2012\Projects\Project1\Project1\Debug\Utility.obj
C:\Users\dellCTA\documents\visual studio 2012\Projects\Project1\Project1\Debug\Wave.obj
C:\Users\dellCTA\documents\visual studio 2012\Projects\Project1\Project1\Debug\cl.command.1.tlog
C:\Users\dellCTA\documents\visual studio 2012\Projects\Project1\Project1\Debug\CL.read.1.tlog
C:\Users\dellCTA\documents\visual studio 2012\Projects\Project1\Project1\Debug\CL.write.1.tlog
C:\Users\dellCTA\documents\visual studio 2012\Projects\Project1\Project1\Debug\link-cvtres.read.1.tlog
C:\Users\dellCTA\documents\visual studio 2012\Projects\Project1\Project1\Debug\link-cvtres.write.1.tlog
C:\Users\dellCTA\documents\visual studio 2012\Projects\Project1\Project1\Debug\link-rc.read.1.tlog
C:\Users\dellCTA\documents\visual studio 2012\Projects\Project1\Project1\Debug\link-rc.write.1.tlog
C:\Users\dellCTA\documents\visual studio 2012\Projects\Project1\Project1\Debug\link.10616-cvtres.read.1.tlog
C:\Users\dellCTA\documents\visual studio 2012\Projects\Project1\Project1\Debug\link.10616-cvtres.write.1.tlog
C:\Users\dellCTA\documents\visual studio 2012\Projects\Project1\Project1\Debug\link.10616-rc.read.1.tlog
C:\Users\dellCTA\documents\visual studio 2012\Projects\Project1\Project1\Debug\link.10616-rc.write.1.tlog
C:\Users\dellCTA\documents\visual studio 2012\Projects\Project1\Project1\Debug\link.10616.read.1.tlog
C:\Users\dellCTA\documents\visual studio 2012\Projects\Project1\Project1\Debug\link.10616.write.1.tlog
C:\Users\dellCTA\documents\visual studio 2012\Projects\Project1\Project1\Debug\link.12080-cvtres.read.1.tlog
C:\Users\dellCTA\documents\visual studio 2012\Projects\Project1\Project1\Debug\link.12080-cvtres.write.1.tlog
C:\Users\dellCTA\documents\visual studio 2012\Projects\Project1\Project1\Debug\link.12080-rc.read.1.tlog
C:\Users\dellCTA\documents\visual studio 2012\Projects\Project1\Project1\Debug\link.12080-rc.write.1.tlog
C:\Users\dellCTA\documents\visual studio 2012\Projects\Project1\Project1\Debug\link.12080.read.1.tlog
C:\Users\dellCTA\documents\visual studio 2012\Projects\Project1\Project1\Debug\link.12080.write.1.tlog
C:\Users\dellCTA\documents\visual studio 2012\Projects\Project1\Project1\Debug\link.12540-cvtres.read.1.tlog
C:\Users\dellCTA\documents\visual studio 2012\Projects\Project1\Project1\Debug\link.12540-cvtres.write.1.tlog
C:\Users\dellCTA\documents\visual studio 2012\Projects\Project1\Project1\Debug\link.12540-rc.read.1.tlog
C:\Users\dellCTA\documents\visual studio 2012\Projects\Project1\Project1\Debug\link.12540-rc.write.1.tlog
C:\Users\dellCTA\documents\visual studio 2012\Projects\Project1\Project1\Debug\link.12540.read.1.tlog
C:\Users\dellCTA\documents\visual studio 2012\Projects\Project1\Project1\Debug\link.12540.write.1.tlog
C:\Users\dellCTA\documents\visual studio 2012\Projects\Project1\Project1\Debug\link.13868-cvtres.read.1.tlog
C:\Users\dellCTA\documents\visual studio 2012\Projects\Project1\Project1\Debug\link.13868-cvtres.write.1.tlog
C:\Users\dellCTA\documents\visual studio 2012\Projects\Project1\Project1\Debug\link.13868-rc.read.1.tlog
C:\Users\dellCTA\documents\visual studio 2012\Projects\Project1\Project1\Debug\link.13868-rc.write.1.tlog
C:\Users\dellCTA\documents\visual studio 2012\Projects\Project1\Project1\Debug\link.13868.read.1.tlog
C:\Users\dellCTA\documents\visual studio 2012\Projects\Project1\Project1\Debug\link.13868.write.1.tlog
C:\Users\dellCTA\documents\visual studio 2012\Projects\Project1\Project1\Debug\link.15848-cvtres.read.1.tlog
C:\Users\dellCTA\documents\visual studio 2012\Projects\Project1\Project1\Debug\link.15848-cvtres.write.1.tlog
C:\Users\dellCTA\documents\visual studio 2012\Projects\Project1\Project1\Debug\link.15848-rc.read.1.tlog
C:\Users\dellCTA\documents\visual studio 2012\Projects\Project1\Project1\Debug\link.15848-rc.write.1.tlog
C:\Users\dellCTA\documents\visual studio 2012\Projects\Project1\Project1\Debug\link.15848.read.1.tlog
C:\Users\dellCTA\documents\visual studio 2012\Projects\Project1\Project1\Debug\link.15848.write.1.tlog
C:\Users\dellCTA\documents\visual studio 2012\Projects\Project1\Project1\Debug\link.1592-cvtres.read.1.tlog
C:\Users\dellCTA\documents\visual studio 2012\Projects\Project1\Project1\Debug\link.1592-cvtres.write.1.tlog
C:\Users\dellCTA\documents\visual studio 2012\Projects\Project1\Project1\Debug\link.1592-rc.read.1.tlog
C:\Users\dellCTA\documents\visual studio 2012\Projects\Project1\Project1\Debug\link.1592-rc.write.1.tlog
C:\Users\dellCTA\documents\visual studio 2012\Projects\Project1\Project1\Debug\link.1592.read.1.tlog
C:\Users\dellCTA\documents\visual studio 2012\Projects\Project1\Project1\Debug\link.1592.write.1.tlog
C:\Users\dellCTA\documents\visual studio 2012\Projects\Project1\Project1\Debug\link.1676-cvtres.read.1.tlog
C:\Users\dellCTA\documents\visual studio 2012\Projects\Project1\Project1\Debug\link.1676-cvtres.write.1.tlog
C:\Users\dellCTA\documents\visual studio 2012\Projects\Project1\Project1\Debug\link.1676-rc.read.1.tlog
C:\Users\dellCTA\documents\visual studio 2012\Projects\Project1\Project1\Debug\link.1676-rc.write.1.tlog
C:\Users\dellCTA\documents\visual studio 2012\Projects\Project1\Project1\Debug\link.1676.read.1.tlog
C:\Users\dellCTA\documents\visual studio 2012\Projects\Project1\Project1\Debug\link.1676.write.1.tlog
C:\Users\dellCTA\documents\visual studio 2012\Projects\Project1\Project1\Debug\link.3236-cvtres.read.1.tlog
C:\Users\dellCTA\documents\visual studio 2012\Projects\Project1\Project1\Debug\link.3236-cvtres.write.1.tlog
C:\Users\dellCTA\documents\visual studio 2012\Projects\Project1\Project1\Debug\link.3236-rc.read.1.tlog
C:\Users\dellCTA\documents\visual studio 2012\Projects\Project1\Project1\Debug\link.3236-rc.write.1.tlog
C:\Users\dellCTA\documents\visual studio 2012\Projects\Project1\Project1\Debug\link.3236.read.1.tlog
C:\Users\dellCTA\documents\visual studio 2012\Projects\Project1\Project1\Debug\link.3236.write.1.tlog
C:\Users\dellCTA\documents\visual studio 2012\Projects\Project1\Project1\Debug\link.368-cvtres.read.1.tlog
C:\Users\dellCTA\documents\visual studio 2012\Projects\Project1\Project1\Debug\link.368-cvtres.write.1.tlog
C:\Users\dellCTA\documents\visual studio 2012\Projects\Project1\Project1\Debug\link.368-rc.read.1.tlog
C:\Users\dellCTA\documents\visual studio 2012\Projects\Project1\Project1\Debug\link.368-rc.write.1.tlog
C:\Users\dellCTA\documents\visual studio 2012\Projects\Project1\Project1\Debug\link.368.read.1.tlog
C:\Users\dellCTA\documents\visual studio 2012\Projects\Project1\Project1\Debug\link.368.write.1.tlog
C:\Users\dellCTA\documents\visual studio 2012\Projects\Project1\Project1\Debug\link.5056-cvtres.read.1.tlog
C:\Users\dellCTA\documents\visual studio 2012\Projects\Project1\Project1\Debug\link.5056-cvtres.write.1.tlog
C:\Users\dellCTA\documents\visual studio 2012\Projects\Project1\Project1\Debug\link.5056-rc.read.1.tlog
C:\Users\dellCTA\documents\visual studio 2012\Projects\Project1\Project1\Debug\link.5056-rc.write.1.tlog
C:\Users\dellCTA\documents\visual studio 2012\Projects\Project1\Project1\Debug\link.5056.read.1.tlog
C:\Users\dellCTA\documents\visual studio 2012\Projects\Project1\Project1\Debug\link.5056.write.1.tlog
C:\Users\dellCTA\documents\visual studio 2012\Projects\Project1\Project1\Debug\link.6380-cvtres.read.1.tlog
C:\Users\dellCTA\documents\visual studio 2012\Projects\Project1\Project1\Debug\link.6380-cvtres.write.1.tlog
C:\Users\dellCTA\documents\visual studio 2012\Projects\Project1\Project1\Debug\link.6380-rc.read.1.tlog
C:\Users\dellCTA\documents\visual studio 2012\Projects\Project1\Project1\Debug\link.6380-rc.write.1.tlog
C:\Users\dellCTA\documents\visual studio 2012\Projects\Project1\Project1\Debug\link.6380.read.1.tlog
C:\Users\dellCTA\documents\visual studio 2012\Projects\Project1\Project1\Debug\link.6380.write.1.tlog
C:\Users\dellCTA\documents\visual studio 2012\Projects\Project1\Project1\Debug\link.7184-cvtres.read.1.tlog
C:\Users\dellCTA\documents\visual studio 2012\Projects\Project1\Project1\Debug\link.7184-cvtres.write.1.tlog
C:\Users\dellCTA\documents\visual studio 2012\Projects\Project1\Project1\Debug\link.7184-rc.read.1.tlog
C:\Users\dellCTA\documents\visual studio 2012\Projects\Project1\Project1\Debug\link.7184-rc.write.1.tlog
C:\Users\dellCTA\documents\visual studio 2012\Projects\Project1\Project1\Debug\link.7184.read.1.tlog
C:\Users\dellCTA\documents\visual studio 2012\Projects\Project1\Project1\Debug\link.7184.write.1.tlog
C:\Users\dellCTA\documents\visual studio 2012\Projects\Project1\Project1\Debug\link.8112-cvtres.read.1.tlog
C:\Users\dellCTA\documents\visual studio 2012\Projects\Project1\Project1\Debug\link.8112-cvtres.write.1.tlog
C:\Users\dellCTA\documents\visual studio 2012\Projects\Project1\Project1\Debug\link.8112-rc.read.1.tlog
C:\Users\dellCTA\documents\visual studio 2012\Projects\Project1\Project1\Debug\link.8112-rc.write.1.tlog
C:\Users\dellCTA\documents\visual studio 2012\Projects\Project1\Project1\Debug\link.8112.read.1.tlog
C:\Users\dellCTA\documents\visual studio 2012\Projects\Project1\Project1\Debug\link.8112.write.1.tlog
C:\Users\dellCTA\documents\visual studio 2012\Projects\Project1\Project1\Debug\link.8148-cvtres.read.1.tlog
C:\Users\dellCTA\documents\visual studio 2012\Projects\Project1\Project1\Debug\link.8148-cvtres.write.1.tlog
C:\Users\dellCTA\documents\visual studio 2012\Projects\Project1\Project1\Debug\link.8148-rc.read.1.tlog
C:\Users\dellCTA\documents\visual studio 2012\Projects\Project1\Project1\Debug\link.8148-rc.write.1.tlog
C:\Users\dellCTA\documents\visual studio 2012\Projects\Project1\Project1\Debug\link.8148.read.1.tlog
C:\Users\dellCTA\documents\visual studio 2012\Projects\Project1\Project1\Debug\link.8148.write.1.tlog
C:\Users\dellCTA\documents\visual studio 2012\Projects\Project1\Project1\Debug\link.9592-cvtres.read.1.tlog
C:\Users\dellCTA\documents\visual studio 2012\Projects\Project1\Project1\Debug\link.9592-cvtres.write.1.tlog
C:\Users\dellCTA\documents\visual studio 2012\Projects\Project1\Project1\Debug\link.9592-rc.read.1.tlog
C:\Users\dellCTA\documents\visual studio 2012\Projects\Project1\Project1\Debug\link.9592-rc.write.1.tlog
C:\Users\dellCTA\documents\visual studio 2012\Projects\Project1\Project1\Debug\link.9592.read.1.tlog
C:\Users\dellCTA\documents\visual studio 2012\Projects\Project1\Project1\Debug\link.9592.write.1.tlog
C:\Users\dellCTA\documents\visual studio 2012\Projects\Project1\Project1\Debug\link.9924-cvtres.read.1.tlog
C:\Users\dellCTA\documents\visual studio 2012\Projects\Project1\Project1\Debug\link.9924-cvtres.write.1.tlog
C:\Users\dellCTA\documents\visual studio 2012\Projects\Project1\Project1\Debug\link.9924-rc.read.1.tlog
C:\Users\dellCTA\documents\visual studio 2012\Projects\Project1\Project1\Debug\link.9924-rc.write.1.tlog
C:\Users\dellCTA\documents\visual studio 2012\Projects\Project1\Project1\Debug\link.9924.read.1.tlog
C:\Users\dellCTA\documents\visual studio 2012\Projects\Project1\Project1\Debug\link.9924.write.1.tlog
C:\Users\dellCTA\documents\visual studio 2012\Projects\Project1\Project1\Debug\link.command.1.tlog
C:\Users\dellCTA\documents\visual studio 2012\Projects\Project1\Project1\Debug\link.read.1.tlog
C:\Users\dellCTA\documents\visual studio 2012\Projects\Project1\Project1\Debug\link.write.1.tlog
C:\Users\dellCTA\documents\visual studio 2012\Projects\Project1\Project1\Debug\vc110.idb
C:\Users\dellCTA\documents\visual studio 2012\Projects\Project1\Project1\Debug\vc110.pdb
C:\Users\dellCTA\documents\visual studio 2012\Projects\Project1\Debug\Project1.pdb
C:\Users\dellCTA\documents\visual studio 2012\Projects\Project1\Debug\Project1.exe
C:\Users\dellCTA\documents\visual studio 2012\Projects\Project1\Debug\Project1.ilk
